{
  "test_execution": {
    "start_time": "2025-09-29T11:16:01.083623",
    "end_time": "2025-09-29T11:17:20.383820",
    "total_duration_seconds": 79.300197,
    "total_duration_formatted": "1m 19s"
  },
  "test_summary": {
    "total_test_suites": 4,
    "passed_suites": 0,
    "failed_suites": 4,
    "skipped_suites": 0,
    "total_test_cases": 13,
    "passed_test_cases": 0,
    "failed_test_cases": 13,
    "success_rate": "0.0%"
  },
  "system_performance": {
    "duration_seconds": 37,
    "cpu": {
      "average": 26.01891891891892,
      "max": 100.0,
      "min": 0.0
    },
    "memory": {
      "average": 88.83243243243244,
      "max": 94.9,
      "min": 81.6
    },
    "samples_collected": 37
  },
  "test_results": [
    {
      "suite_name": "User Registration Tests",
      "test_file": "tests/test_user_registration.py",
      "status": "FAIL",
      "passed": 0,
      "failed": 9,
      "duration_seconds": 36.271061,
      "start_time": "2025-09-29T11:16:01.086633",
      "end_time": "2025-09-29T11:16:37.357694",
      "output": "============================= test session starts =============================\nplatform win32 -- Python 3.12.5, pytest-7.4.3, pluggy-1.6.0 -- D:\\Projects\\document-analyzer\\.venv\\Scripts\\python.exe\ncachedir: .pytest_cache\nmetadata: {'Python': '3.12.5', 'Platform': 'Windows-11-10.0.22631-SP0', 'Packages': {'pytest': '7.4.3', 'pluggy': '1.6.0'}, 'Plugins': {'anyio': '3.7.1', 'Faker': '37.8.0', 'langsmith': '0.4.20', 'asyncio': '0.21.1', 'base-url': '2.1.0', 'html': '4.1.1', 'metadata': '3.1.1', 'selenium': '4.1.0', 'variables': '3.1.0'}, 'JAVA_HOME': 'C:\\\\Program Files\\\\Java\\\\jdk-21', 'Base URL': '', 'Driver': None, 'Capabilities': {}}\nsensitiveurl: .*\nrootdir: D:\\Projects\\document-analyzer\\tests\\functional_testing\nplugins: anyio-3.7.1, Faker-37.8.0, langsmith-0.4.20, asyncio-0.21.1, base-url-2.1.0, html-4.1.1, metadata-3.1.1, selenium-4.1.0, variables-3.1.0\nasyncio: mode=Mode.STRICT\ncollecting ... collected 3 items\n\ntests/test_user_registration.py::TestUserRegistration::test_valid_registration FAILED [ 33%]\ntests/test_user_registration.py::TestUserRegistration::test_invalid_email_registration FAILED [ 66%]\ntests/test_user_registration.py::TestUserRegistration::test_empty_fields_registration FAILED [100%]\n\n================================== FAILURES ===================================\n________________ TestUserRegistration.test_valid_registration _________________\ntests\\test_user_registration.py:109: in test_valid_registration\n    assert result['status'] == 'PASS', f\"Registration failed: {result.get('error', 'Unknown error')}\"\nE   AssertionError: Registration failed: Message: no such element: Unable to locate element: {\"method\":\"css selector\",\"selector\":\"[name=\"name\"]\"}\nE       (Session info: chrome=140.0.7339.208); For documentation on this error, please visit: https://www.selenium.dev/documentation/webdriver/troubleshooting/errors#nosuchelementexception\nE     Stacktrace:\nE     \tGetHandleVerifier [0x0x7ff7dd221eb5+80197]\nE     \tGetHandleVerifier [0x0x7ff7dd221f10+80288]\nE     \t(No symbol) [0x0x7ff7dcfa02fa]\nE     \t(No symbol) [0x0x7ff7dcff7cd7]\nE     \t(No symbol) [0x0x7ff7dcff7f9c]\nE     \t(No symbol) [0x0x7ff7dd04ba87]\nE     \t(No symbol) [0x0x7ff7dd0203bf]\nE     \t(No symbol) [0x0x7ff7dd0487fb]\nE     \t(No symbol) [0x0x7ff7dd020153]\nE     \t(No symbol) [0x0x7ff7dcfe8b02]\nE     \t(No symbol) [0x0x7ff7dcfe98d3]\nE     \tGetHandleVerifier [0x0x7ff7dd4de83d+2949837]\nE     \tGetHandleVerifier [0x0x7ff7dd4d8c6a+2926330]\nE     \tGetHandleVerifier [0x0x7ff7dd4f86c7+3055959]\nE     \tGetHandleVerifier [0x0x7ff7dd23cfee+191102]\nE     \tGetHandleVerifier [0x0x7ff7dd2450af+224063]\nE     \tGetHandleVerifier [0x0x7ff7dd22af64+117236]\nE     \tGetHandleVerifier [0x0x7ff7dd22b119+117673]\nE     \tGetHandleVerifier [0x0x7ff7dd2110a8+11064]\nE     \tBaseThreadInitThunk [0x0x7ffa1440259d+29]\nE     \tRtlUserThreadStart [0x0x7ffa1518af78+40]\nE     \nE   assert 'FAIL' == 'PASS'\nE     - PASS\nE     + FAIL\n---------------------------- Captured stdout call -----------------------------\n\\n============================================================\\nTEST CASE 1: Valid User Registration\\n============================================================\\n\\u2713 Navigated to: http://localhost:3000/register\\n\\n\\u274c TEST FAILED: Message: no such element: Unable to locate element: {\"method\":\"css selector\",\"selector\":\"[name=\"name\"]\"}\\n  (Session info: chrome=140.0.7339.208); For documentation on this error, please visit: https://www.selenium.dev/documentation/webdriver/troubleshooting/errors#nosuchelementexception\\nStacktrace:\\n\\tGetHandleVerifier [0x0x7ff7dd221eb5+80197]\\n\\tGetHandleVerifier [0x0x7ff7dd221f10+80288]\\n\\t(No symbol) [0x0x7ff7dcfa02fa]\\n\\t(No symbol) [0x0x7ff7dcff7cd7]\\n\\t(No symbol) [0x0x7ff7dcff7f9c]\\n\\t(No symbol) [0x0x7ff7dd04ba87]\\n\\t(No symbol) [0x0x7ff7dd0203bf]\\n\\t(No symbol) [0x0x7ff7dd0487fb]\\n\\t(No symbol) [0x0x7ff7dd020153]\\n\\t(No symbol) [0x0x7ff7dcfe8b02]\\n\\t(No symbol) [0x0x7ff7dcfe98d3]\\n\\tGetHandleVerifier [0x0x7ff7dd4de83d+2949837]\\n\\tGetHandleVerifier [0x0x7ff7dd4d8c6a+2926330]\\n\\tGetHandleVerifier [0x0x7ff7dd4f86c7+3055959]\\n\\tGetHandleVerifier [0x0x7ff7dd23cfee+191102]\\n\\tGetHandleVerifier [0x0x7ff7dd2450af+224063]\\n\\tGetHandleVerifier [0x0x7ff7dd22af64+117236]\\n\\tGetHandleVerifier [0x0x7ff7dd22b119+117673]\\n\\tGetHandleVerifier [0x0x7ff7dd2110a8+11064]\\n\\tBaseThreadInitThunk [0x0x7ffa1440259d+29]\\n\\tRtlUserThreadStart [0x0x7ffa1518af78+40]\\n\n____________ TestUserRegistration.test_invalid_email_registration _____________\ntests\\test_user_registration.py:162: in test_invalid_email_registration\n    assert result['status'] == 'PASS'\nE   AssertionError: assert 'FAIL' == 'PASS'\nE     - PASS\nE     + FAIL\n---------------------------- Captured stdout call -----------------------------\n\\n============================================================\\nTEST CASE 2: Invalid Email Registration\\n============================================================\\n\\u2713 Navigated to registration page\\n\\n\\u274c TEST FAILED: Message: no such element: Unable to locate element: {\"method\":\"css selector\",\"selector\":\"[name=\"name\"]\"}\\n  (Session info: chrome=140.0.7339.208); For documentation on this error, please visit: https://www.selenium.dev/documentation/webdriver/troubleshooting/errors#nosuchelementexception\\nStacktrace:\\n\\tGetHandleVerifier [0x0x7ff7dd221eb5+80197]\\n\\tGetHandleVerifier [0x0x7ff7dd221f10+80288]\\n\\t(No symbol) [0x0x7ff7dcfa02fa]\\n\\t(No symbol) [0x0x7ff7dcff7cd7]\\n\\t(No symbol) [0x0x7ff7dcff7f9c]\\n\\t(No symbol) [0x0x7ff7dd04ba87]\\n\\t(No symbol) [0x0x7ff7dd0203bf]\\n\\t(No symbol) [0x0x7ff7dd0487fb]\\n\\t(No symbol) [0x0x7ff7dd020153]\\n\\t(No symbol) [0x0x7ff7dcfe8b02]\\n\\t(No symbol) [0x0x7ff7dcfe98d3]\\n\\tGetHandleVerifier [0x0x7ff7dd4de83d+2949837]\\n\\tGetHandleVerifier [0x0x7ff7dd4d8c6a+2926330]\\n\\tGetHandleVerifier [0x0x7ff7dd4f86c7+3055959]\\n\\tGetHandleVerifier [0x0x7ff7dd23cfee+191102]\\n\\tGetHandleVerifier [0x0x7ff7dd2450af+224063]\\n\\tGetHandleVerifier [0x0x7ff7dd22af64+117236]\\n\\tGetHandleVerifier [0x0x7ff7dd22b119+117673]\\n\\tGetHandleVerifier [0x0x7ff7dd2110a8+11064]\\n\\tBaseThreadInitThunk [0x0x7ffa1440259d+29]\\n\\tRtlUserThreadStart [0x0x7ffa1518af78+40]\\n\n_____________ TestUserRegistration.test_empty_fields_registration _____________\ntests\\test_user_registration.py:207: in test_empty_fields_registration\n    assert result['status'] == 'PASS'\nE   AssertionError: assert 'FAIL' == 'PASS'\nE     - PASS\nE     + FAIL\n---------------------------- Captured stdout call -----------------------------\n\\n============================================================\\nTEST CASE 3: Empty Fields Registration\\n============================================================\\n\\u2713 Navigated to registration page\\n\\n\\u274c TEST FAILED: Message: no such element: Unable to locate element: {\"method\":\"css selector\",\"selector\":\"button[type='submit']\"}\\n  (Session info: chrome=140.0.7339.208); For documentation on this error, please visit: https://www.selenium.dev/documentation/webdriver/troubleshooting/errors#nosuchelementexception\\nStacktrace:\\n\\tGetHandleVerifier [0x0x7ff7dd221eb5+80197]\\n\\tGetHandleVerifier [0x0x7ff7dd221f10+80288]\\n\\t(No symbol) [0x0x7ff7dcfa02fa]\\n\\t(No symbol) [0x0x7ff7dcff7cd7]\\n\\t(No symbol) [0x0x7ff7dcff7f9c]\\n\\t(No symbol) [0x0x7ff7dd04ba87]\\n\\t(No symbol) [0x0x7ff7dd0203bf]\\n\\t(No symbol) [0x0x7ff7dd0487fb]\\n\\t(No symbol) [0x0x7ff7dd020153]\\n\\t(No symbol) [0x0x7ff7dcfe8b02]\\n\\t(No symbol) [0x0x7ff7dcfe98d3]\\n\\tGetHandleVerifier [0x0x7ff7dd4de83d+2949837]\\n\\tGetHandleVerifier [0x0x7ff7dd4d8c6a+2926330]\\n\\tGetHandleVerifier [0x0x7ff7dd4f86c7+3055959]\\n\\tGetHandleVerifier [0x0x7ff7dd23cfee+191102]\\n\\tGetHandleVerifier [0x0x7ff7dd2450af+224063]\\n\\tGetHandleVerifier [0x0x7ff7dd22af64+117236]\\n\\tGetHandleVerifier [0x0x7ff7dd22b119+117673]\\n\\tGetHandleVerifier [0x0x7ff7dd2110a8+11064]\\n\\tBaseThreadInitThunk [0x0x7ffa1440259d+29]\\n\\tRtlUserThreadStart [0x0x7ffa1518af78+40]\\n\n=========================== short test summary info ===========================\nFAILED tests/test_user_registration.py::TestUserRegistration::test_valid_registration\nFAILED tests/test_user_registration.py::TestUserRegistration::test_invalid_email_registration\nFAILED tests/test_user_registration.py::TestUserRegistration::test_empty_fields_registration\n============================= 3 failed in 28.50s ==============================\n"
    },
    {
      "suite_name": "Document Upload Tests",
      "test_file": "tests/test_document_upload.py",
      "status": "FAIL",
      "passed": 0,
      "failed": 0,
      "duration_seconds": 5.912797,
      "start_time": "2025-09-29T11:16:39.372191",
      "end_time": "2025-09-29T11:16:45.284988",
      "output": "============================= test session starts =============================\nplatform win32 -- Python 3.12.5, pytest-7.4.3, pluggy-1.6.0 -- D:\\Projects\\document-analyzer\\.venv\\Scripts\\python.exe\ncachedir: .pytest_cache\nmetadata: {'Python': '3.12.5', 'Platform': 'Windows-11-10.0.22631-SP0', 'Packages': {'pytest': '7.4.3', 'pluggy': '1.6.0'}, 'Plugins': {'anyio': '3.7.1', 'Faker': '37.8.0', 'langsmith': '0.4.20', 'asyncio': '0.21.1', 'base-url': '2.1.0', 'html': '4.1.1', 'metadata': '3.1.1', 'selenium': '4.1.0', 'variables': '3.1.0'}, 'JAVA_HOME': 'C:\\\\Program Files\\\\Java\\\\jdk-21', 'Base URL': '', 'Driver': None, 'Capabilities': {}}\nsensitiveurl: .*\nrootdir: D:\\Projects\\document-analyzer\\tests\\functional_testing\nplugins: anyio-3.7.1, Faker-37.8.0, langsmith-0.4.20, asyncio-0.21.1, base-url-2.1.0, html-4.1.1, metadata-3.1.1, selenium-4.1.0, variables-3.1.0\nasyncio: mode=Mode.STRICT\ncollecting ... collected 0 items / 1 error\n\n=================================== ERRORS ====================================\n_______________ ERROR collecting tests/test_document_upload.py ________________\nImportError while importing test module 'D:\\Projects\\document-analyzer\\tests\\functional_testing\\tests\\test_document_upload.py'.\nHint: make sure your test modules/packages have valid Python names.\nTraceback:\nC:\\Python312\\Lib\\importlib\\__init__.py:90: in import_module\n    return _bootstrap._gcd_import(name[level:], package, level)\ntests\\test_document_upload.py:17: in <module>\n    from utilities.data_generator import TestDataGenerator\nE   ModuleNotFoundError: No module named 'utilities'\n=========================== short test summary info ===========================\nERROR tests/test_document_upload.py\n!!!!!!!!!!!!!!!!!!! Interrupted: 1 error during collection !!!!!!!!!!!!!!!!!!!!\n============================== 1 error in 0.67s ===============================\n"
    },
    {
      "suite_name": "Chat Functionality Tests",
      "test_file": "tests/test_chat_functionality.py",
      "status": "FAIL",
      "passed": 0,
      "failed": 4,
      "duration_seconds": 24.882865,
      "start_time": "2025-09-29T11:16:47.286866",
      "end_time": "2025-09-29T11:17:12.169731",
      "output": "============================= test session starts =============================\nplatform win32 -- Python 3.12.5, pytest-7.4.3, pluggy-1.6.0 -- D:\\Projects\\document-analyzer\\.venv\\Scripts\\python.exe\ncachedir: .pytest_cache\nmetadata: {'Python': '3.12.5', 'Platform': 'Windows-11-10.0.22631-SP0', 'Packages': {'pytest': '7.4.3', 'pluggy': '1.6.0'}, 'Plugins': {'anyio': '3.7.1', 'Faker': '37.8.0', 'langsmith': '0.4.20', 'asyncio': '0.21.1', 'base-url': '2.1.0', 'html': '4.1.1', 'metadata': '3.1.1', 'selenium': '4.1.0', 'variables': '3.1.0'}, 'JAVA_HOME': 'C:\\\\Program Files\\\\Java\\\\jdk-21', 'Base URL': '', 'Driver': None, 'Capabilities': {}}\nsensitiveurl: .*\nrootdir: D:\\Projects\\document-analyzer\\tests\\functional_testing\nplugins: anyio-3.7.1, Faker-37.8.0, langsmith-0.4.20, asyncio-0.21.1, base-url-2.1.0, html-4.1.1, metadata-3.1.1, selenium-4.1.0, variables-3.1.0\nasyncio: mode=Mode.STRICT\ncollecting ... collected 2 items\n\ntests/test_chat_functionality.py::TestChatFunctionality::test_chat_query_response FAILED [ 50%]\ntests/test_chat_functionality.py::TestChatFunctionality::test_chat_history FAILED [100%]\n\n================================== FAILURES ===================================\n_______________ TestChatFunctionality.test_chat_query_response ________________\ntests\\test_chat_functionality.py:28: in test_chat_query_response\n    chat_input = self.driver.find_element(By.ID, \"chat-input\")\n..\\..\\.venv\\Lib\\site-packages\\selenium\\webdriver\\remote\\webdriver.py:926: in find_element\n    return self.execute(Command.FIND_ELEMENT, {\"using\": by, \"value\": value})[\"value\"]\n..\\..\\.venv\\Lib\\site-packages\\selenium\\webdriver\\remote\\webdriver.py:458: in execute\n    self.error_handler.check_response(response)\n..\\..\\.venv\\Lib\\site-packages\\selenium\\webdriver\\remote\\errorhandler.py:232: in check_response\n    raise exception_class(message, screen, stacktrace)\nE   selenium.common.exceptions.NoSuchElementException: Message: no such element: Unable to locate element: {\"method\":\"css selector\",\"selector\":\"[id=\"chat-input\"]\"}\nE     (Session info: chrome=140.0.7339.208); For documentation on this error, please visit: https://www.selenium.dev/documentation/webdriver/troubleshooting/errors#nosuchelementexception\nE   Stacktrace:\nE   \tGetHandleVerifier [0x0x7ff7dd221eb5+80197]\nE   \tGetHandleVerifier [0x0x7ff7dd221f10+80288]\nE   \t(No symbol) [0x0x7ff7dcfa02fa]\nE   \t(No symbol) [0x0x7ff7dcff7cd7]\nE   \t(No symbol) [0x0x7ff7dcff7f9c]\nE   \t(No symbol) [0x0x7ff7dd04ba87]\nE   \t(No symbol) [0x0x7ff7dd0203bf]\nE   \t(No symbol) [0x0x7ff7dd0487fb]\nE   \t(No symbol) [0x0x7ff7dd020153]\nE   \t(No symbol) [0x0x7ff7dcfe8b02]\nE   \t(No symbol) [0x0x7ff7dcfe98d3]\nE   \tGetHandleVerifier [0x0x7ff7dd4de83d+2949837]\nE   \tGetHandleVerifier [0x0x7ff7dd4d8c6a+2926330]\nE   \tGetHandleVerifier [0x0x7ff7dd4f86c7+3055959]\nE   \tGetHandleVerifier [0x0x7ff7dd23cfee+191102]\nE   \tGetHandleVerifier [0x0x7ff7dd2450af+224063]\nE   \tGetHandleVerifier [0x0x7ff7dd22af64+117236]\nE   \tGetHandleVerifier [0x0x7ff7dd22b119+117673]\nE   \tGetHandleVerifier [0x0x7ff7dd2110a8+11064]\nE   \tBaseThreadInitThunk [0x0x7ffa1440259d+29]\nE   \tRtlUserThreadStart [0x0x7ffa1518af78+40]\n\nDuring handling of the above exception, another exception occurred:\ntests\\test_chat_functionality.py:40: in test_chat_query_response\n    pytest.fail(f\"Chat query test failed: {str(e)}\")\nE   Failed: Chat query test failed: Message: no such element: Unable to locate element: {\"method\":\"css selector\",\"selector\":\"[id=\"chat-input\"]\"}\nE     (Session info: chrome=140.0.7339.208); For documentation on this error, please visit: https://www.selenium.dev/documentation/webdriver/troubleshooting/errors#nosuchelementexception\nE   Stacktrace:\nE   \tGetHandleVerifier [0x0x7ff7dd221eb5+80197]\nE   \tGetHandleVerifier [0x0x7ff7dd221f10+80288]\nE   \t(No symbol) [0x0x7ff7dcfa02fa]\nE   \t(No symbol) [0x0x7ff7dcff7cd7]\nE   \t(No symbol) [0x0x7ff7dcff7f9c]\nE   \t(No symbol) [0x0x7ff7dd04ba87]\nE   \t(No symbol) [0x0x7ff7dd0203bf]\nE   \t(No symbol) [0x0x7ff7dd0487fb]\nE   \t(No symbol) [0x0x7ff7dd020153]\nE   \t(No symbol) [0x0x7ff7dcfe8b02]\nE   \t(No symbol) [0x0x7ff7dcfe98d3]\nE   \tGetHandleVerifier [0x0x7ff7dd4de83d+2949837]\nE   \tGetHandleVerifier [0x0x7ff7dd4d8c6a+2926330]\nE   \tGetHandleVerifier [0x0x7ff7dd4f86c7+3055959]\nE   \tGetHandleVerifier [0x0x7ff7dd23cfee+191102]\nE   \tGetHandleVerifier [0x0x7ff7dd2450af+224063]\nE   \tGetHandleVerifier [0x0x7ff7dd22af64+117236]\nE   \tGetHandleVerifier [0x0x7ff7dd22b119+117673]\nE   \tGetHandleVerifier [0x0x7ff7dd2110a8+11064]\nE   \tBaseThreadInitThunk [0x0x7ffa1440259d+29]\nE   \tRtlUserThreadStart [0x0x7ffa1518af78+40]\n___________________ TestChatFunctionality.test_chat_history ___________________\ntests\\test_chat_functionality.py:49: in test_chat_history\n    chat_input = self.driver.find_element(By.ID, \"chat-input\")\n..\\..\\.venv\\Lib\\site-packages\\selenium\\webdriver\\remote\\webdriver.py:926: in find_element\n    return self.execute(Command.FIND_ELEMENT, {\"using\": by, \"value\": value})[\"value\"]\n..\\..\\.venv\\Lib\\site-packages\\selenium\\webdriver\\remote\\webdriver.py:458: in execute\n    self.error_handler.check_response(response)\n..\\..\\.venv\\Lib\\site-packages\\selenium\\webdriver\\remote\\errorhandler.py:232: in check_response\n    raise exception_class(message, screen, stacktrace)\nE   selenium.common.exceptions.NoSuchElementException: Message: no such element: Unable to locate element: {\"method\":\"css selector\",\"selector\":\"[id=\"chat-input\"]\"}\nE     (Session info: chrome=140.0.7339.208); For documentation on this error, please visit: https://www.selenium.dev/documentation/webdriver/troubleshooting/errors#nosuchelementexception\nE   Stacktrace:\nE   \tGetHandleVerifier [0x0x7ff7dd221eb5+80197]\nE   \tGetHandleVerifier [0x0x7ff7dd221f10+80288]\nE   \t(No symbol) [0x0x7ff7dcfa02fa]\nE   \t(No symbol) [0x0x7ff7dcff7cd7]\nE   \t(No symbol) [0x0x7ff7dcff7f9c]\nE   \t(No symbol) [0x0x7ff7dd04ba87]\nE   \t(No symbol) [0x0x7ff7dd0203bf]\nE   \t(No symbol) [0x0x7ff7dd0487fb]\nE   \t(No symbol) [0x0x7ff7dd020153]\nE   \t(No symbol) [0x0x7ff7dcfe8b02]\nE   \t(No symbol) [0x0x7ff7dcfe98d3]\nE   \tGetHandleVerifier [0x0x7ff7dd4de83d+2949837]\nE   \tGetHandleVerifier [0x0x7ff7dd4d8c6a+2926330]\nE   \tGetHandleVerifier [0x0x7ff7dd4f86c7+3055959]\nE   \tGetHandleVerifier [0x0x7ff7dd23cfee+191102]\nE   \tGetHandleVerifier [0x0x7ff7dd2450af+224063]\nE   \tGetHandleVerifier [0x0x7ff7dd22af64+117236]\nE   \tGetHandleVerifier [0x0x7ff7dd22b119+117673]\nE   \tGetHandleVerifier [0x0x7ff7dd2110a8+11064]\nE   \tBaseThreadInitThunk [0x0x7ffa1440259d+29]\nE   \tRtlUserThreadStart [0x0x7ffa1518af78+40]\n\nDuring handling of the above exception, another exception occurred:\ntests\\test_chat_functionality.py:58: in test_chat_history\n    pytest.fail(f\"Chat history test failed: {str(e)}\")\nE   Failed: Chat history test failed: Message: no such element: Unable to locate element: {\"method\":\"css selector\",\"selector\":\"[id=\"chat-input\"]\"}\nE     (Session info: chrome=140.0.7339.208); For documentation on this error, please visit: https://www.selenium.dev/documentation/webdriver/troubleshooting/errors#nosuchelementexception\nE   Stacktrace:\nE   \tGetHandleVerifier [0x0x7ff7dd221eb5+80197]\nE   \tGetHandleVerifier [0x0x7ff7dd221f10+80288]\nE   \t(No symbol) [0x0x7ff7dcfa02fa]\nE   \t(No symbol) [0x0x7ff7dcff7cd7]\nE   \t(No symbol) [0x0x7ff7dcff7f9c]\nE   \t(No symbol) [0x0x7ff7dd04ba87]\nE   \t(No symbol) [0x0x7ff7dd0203bf]\nE   \t(No symbol) [0x0x7ff7dd0487fb]\nE   \t(No symbol) [0x0x7ff7dd020153]\nE   \t(No symbol) [0x0x7ff7dcfe8b02]\nE   \t(No symbol) [0x0x7ff7dcfe98d3]\nE   \tGetHandleVerifier [0x0x7ff7dd4de83d+2949837]\nE   \tGetHandleVerifier [0x0x7ff7dd4d8c6a+2926330]\nE   \tGetHandleVerifier [0x0x7ff7dd4f86c7+3055959]\nE   \tGetHandleVerifier [0x0x7ff7dd23cfee+191102]\nE   \tGetHandleVerifier [0x0x7ff7dd2450af+224063]\nE   \tGetHandleVerifier [0x0x7ff7dd22af64+117236]\nE   \tGetHandleVerifier [0x0x7ff7dd22b119+117673]\nE   \tGetHandleVerifier [0x0x7ff7dd2110a8+11064]\nE   \tBaseThreadInitThunk [0x0x7ffa1440259d+29]\nE   \tRtlUserThreadStart [0x0x7ffa1518af78+40]\n=========================== short test summary info ===========================\nFAILED tests/test_chat_functionality.py::TestChatFunctionality::test_chat_query_response\nFAILED tests/test_chat_functionality.py::TestChatFunctionality::test_chat_history\n============================= 2 failed in 20.40s ==============================\n"
    },
    {
      "suite_name": "Summary Generation Tests",
      "test_file": "tests/test_summary_generation.py",
      "status": "FAIL",
      "passed": 0,
      "failed": 0,
      "duration_seconds": 4.195947,
      "start_time": "2025-09-29T11:17:14.182434",
      "end_time": "2025-09-29T11:17:18.378381",
      "output": "============================= test session starts =============================\nplatform win32 -- Python 3.12.5, pytest-7.4.3, pluggy-1.6.0 -- D:\\Projects\\document-analyzer\\.venv\\Scripts\\python.exe\ncachedir: .pytest_cache\nmetadata: {'Python': '3.12.5', 'Platform': 'Windows-11-10.0.22631-SP0', 'Packages': {'pytest': '7.4.3', 'pluggy': '1.6.0'}, 'Plugins': {'anyio': '3.7.1', 'Faker': '37.8.0', 'langsmith': '0.4.20', 'asyncio': '0.21.1', 'base-url': '2.1.0', 'html': '4.1.1', 'metadata': '3.1.1', 'selenium': '4.1.0', 'variables': '3.1.0'}, 'JAVA_HOME': 'C:\\\\Program Files\\\\Java\\\\jdk-21', 'Base URL': '', 'Driver': None, 'Capabilities': {}}\nsensitiveurl: .*\nrootdir: D:\\Projects\\document-analyzer\\tests\\functional_testing\nplugins: anyio-3.7.1, Faker-37.8.0, langsmith-0.4.20, asyncio-0.21.1, base-url-2.1.0, html-4.1.1, metadata-3.1.1, selenium-4.1.0, variables-3.1.0\nasyncio: mode=Mode.STRICT\ncollecting ... collected 0 items\n\n============================ no tests ran in 0.05s ============================\n"
    }
  ],
  "screenshots_directory": "screenshots/",
  "test_files_directory": "test_files/"
}